<?xml version="1.0" encoding="UTF-8"?>
<testng-results ignored="0" total="1" passed="1" failed="0" skipped="0">
  <reporter-output>
  </reporter-output>
  <suite started-at="2019-02-08T04:31:49Z" name="BDD Test Suite" finished-at="2019-02-08T04:31:51Z" duration-ms="2145">
    <groups>
    </groups>
    <test started-at="2019-02-08T04:31:49Z" name="Regression Test" finished-at="2019-02-08T04:31:51Z" duration-ms="2145">
      <class name="testing.testtest">
        <test-method signature="test()[pri:0, instance:testing.testtest@223aa2f7]" started-at="2019-02-08T04:31:49Z" name="test" finished-at="2019-02-08T04:31:51Z" duration-ms="2115" status="PASS">
          <reporter-output>
          </reporter-output>
        </test-method> <!-- test -->
      </class> <!-- testing.testtest -->
    </test> <!-- Regression Test -->
  </suite> <!-- BDD Test Suite -->
</testng-results>
