<?xml version="1.0" encoding="UTF-8"?>
<testng-results skipped="0" failed="0" ignored="0" total="1" passed="1">
  <reporter-output>
  </reporter-output>
  <suite name="BDD Test Suite" duration-ms="2972" started-at="2019-02-08T04:18:11Z" finished-at="2019-02-08T04:18:14Z">
    <groups>
    </groups>
    <test name="Regression Test" duration-ms="2972" started-at="2019-02-08T04:18:11Z" finished-at="2019-02-08T04:18:14Z">
      <class name="testing.testtest">
        <test-method status="PASS" signature="test()[pri:0, instance:testing.testtest@11758f2a]" name="test" duration-ms="2936" started-at="2019-02-08T04:18:11Z" finished-at="2019-02-08T04:18:14Z">
          <reporter-output>
          </reporter-output>
        </test-method> <!-- test -->
      </class> <!-- testing.testtest -->
    </test> <!-- Regression Test -->
  </suite> <!-- BDD Test Suite -->
</testng-results>
